  user.cpp
c:\users\user\documents\github\project-end\final project\final project\user.h(16): error C2061: syntax error : identifier 'Room'
c:\users\user\documents\github\project-end\final project\final project\user.h(25): error C2143: syntax error : missing ';' before '*'
c:\users\user\documents\github\project-end\final project\final project\user.h(25): error C4430: missing type specifier - int assumed. Note: C++ does not support default-int
c:\users\user\documents\github\project-end\final project\final project\user.h(25): warning C4183: 'getRoom': missing return type; assumed to be a member function returning 'int'
c:\users\user\documents\github\project-end\final project\final project\user.h(26): error C2143: syntax error : missing ';' before '*'
c:\users\user\documents\github\project-end\final project\final project\user.h(26): error C4430: missing type specifier - int assumed. Note: C++ does not support default-int
c:\users\user\documents\github\project-end\final project\final project\user.h(26): warning C4183: 'getGame': missing return type; assumed to be a member function returning 'int'
c:\users\user\documents\github\project-end\final project\final project\user.h(29): error C2061: syntax error : identifier 'Game'
c:\users\user\documents\github\project-end\final project\final project\user.h(34): error C2143: syntax error : missing ';' before '*'
c:\users\user\documents\github\project-end\final project\final project\user.h(34): error C4430: missing type specifier - int assumed. Note: C++ does not support default-int
c:\users\user\documents\github\project-end\final project\final project\user.h(35): error C2143: syntax error : missing ';' before '*'
c:\users\user\documents\github\project-end\final project\final project\user.h(35): error C4430: missing type specifier - int assumed. Note: C++ does not support default-int
c:\users\user\documents\github\project-end\final project\final project\triviaserver.h(28): error C2143: syntax error : missing ';' before '*'
c:\users\user\documents\github\project-end\final project\final project\triviaserver.h(28): error C4430: missing type specifier - int assumed. Note: C++ does not support default-int
c:\users\user\documents\github\project-end\final project\final project\triviaserver.h(28): warning C4183: 'getRoomById': missing return type; assumed to be a member function returning 'int'
c:\users\user\documents\github\project-end\final project\final project\triviaserver.h(33): error C2061: syntax error : identifier 'RecievedMessage'
c:\users\user\documents\github\project-end\final project\final project\triviaserver.h(34): error C2061: syntax error : identifier 'RecievedMessage'
c:\users\user\documents\github\project-end\final project\final project\triviaserver.h(35): error C2061: syntax error : identifier 'RecievedMessage'
c:\users\user\documents\github\project-end\final project\final project\triviaserver.h(36): error C2061: syntax error : identifier 'RecievedMessage'
c:\users\user\documents\github\project-end\final project\final project\triviaserver.h(37): error C2061: syntax error : identifier 'RecievedMessage'
c:\users\user\documents\github\project-end\final project\final project\triviaserver.h(38): error C2061: syntax error : identifier 'RecievedMessage'
c:\users\user\documents\github\project-end\final project\final project\triviaserver.h(39): error C2061: syntax error : identifier 'RecievedMessage'
c:\users\user\documents\github\project-end\final project\final project\triviaserver.h(40): error C2061: syntax error : identifier 'RecievedMessage'
c:\users\user\documents\github\project-end\final project\final project\triviaserver.h(41): error C2061: syntax error : identifier 'RecievedMessage'
c:\users\user\documents\github\project-end\final project\final project\triviaserver.h(42): error C2061: syntax error : identifier 'RecievedMessage'
c:\users\user\documents\github\project-end\final project\final project\triviaserver.h(43): error C2061: syntax error : identifier 'RecievedMessage'
c:\users\user\documents\github\project-end\final project\final project\triviaserver.h(44): error C2061: syntax error : identifier 'RecievedMessage'
c:\users\user\documents\github\project-end\final project\final project\triviaserver.h(45): error C2061: syntax error : identifier 'RecievedMessage'
c:\users\user\documents\github\project-end\final project\final project\triviaserver.h(46): error C2061: syntax error : identifier 'RecievedMessage'
c:\users\user\documents\github\project-end\final project\final project\triviaserver.h(47): error C2061: syntax error : identifier 'RecievedMessage'
c:\users\user\documents\github\project-end\final project\final project\triviaserver.h(48): error C2061: syntax error : identifier 'RecievedMessage'
c:\users\user\documents\github\project-end\final project\final project\triviaserver.h(49): error C2061: syntax error : identifier 'RecievedMessage'
c:\users\user\documents\github\project-end\final project\final project\triviaserver.h(54): error C2065: 'Room' : undeclared identifier
c:\users\user\documents\github\project-end\final project\final project\triviaserver.h(54): error C2059: syntax error : '>'
c:\users\user\documents\github\project-end\final project\final project\triviaserver.h(54): error C2976: 'std::map' : too few template arguments
          c:\program files (x86)\microsoft visual studio 12.0\vc\include\map(69) : see declaration of 'std::map'
c:\users\user\documents\github\project-end\final project\final project\triviaserver.h(56): error C2065: 'RecievedMessage' : undeclared identifier
c:\users\user\documents\github\project-end\final project\final project\triviaserver.h(56): error C2059: syntax error : '>'
c:\users\user\documents\github\project-end\final project\final project\triviaserver.h(56): error C2976: 'std::queue' : too few template arguments
          c:\program files (x86)\microsoft visual studio 12.0\vc\include\queue(19) : see declaration of 'std::queue'
c:\users\user\documents\github\project-end\final project\final project\user.cpp(18): error C2039: '_currGame' : is not a member of 'User'
          c:\users\user\documents\github\project-end\final project\final project\user.h(10) : see declaration of 'User'
c:\users\user\documents\github\project-end\final project\final project\user.cpp(23): error C2039: '_currRoom' : is not a member of 'User'
          c:\users\user\documents\github\project-end\final project\final project\user.h(10) : see declaration of 'User'
c:\users\user\documents\github\project-end\final project\final project\user.cpp(25): error C2660: 'User::send' : function does not take 4 arguments
c:\users\user\documents\github\project-end\final project\final project\user.cpp(28): error C2039: '_currRoom' : is not a member of 'User'
          c:\users\user\documents\github\project-end\final project\final project\user.h(10) : see declaration of 'User'
c:\users\user\documents\github\project-end\final project\final project\user.cpp(28): error C2061: syntax error : identifier 'Room'
c:\users\user\documents\github\project-end\final project\final project\user.cpp(29): error C2660: 'User::send' : function does not take 4 arguments
c:\users\user\documents\github\project-end\final project\final project\user.cpp(33): error C2065: 'Room' : undeclared identifier
c:\users\user\documents\github\project-end\final project\final project\user.cpp(33): error C2059: syntax error : ')'
c:\users\user\documents\github\project-end\final project\final project\user.cpp(34): error C2143: syntax error : missing ';' before '{'
c:\users\user\documents\github\project-end\final project\final project\user.cpp(34): error C2447: '{' : missing function header (old-style formal list?)
c:\users\user\documents\github\project-end\final project\final project\user.cpp(44): error C2039: '_currRoom' : is not a member of 'User'
          c:\users\user\documents\github\project-end\final project\final project\user.h(10) : see declaration of 'User'
          c:\users\user\documents\github\project-end\final project\final project\user.h(10) : see declaration of 'User'
c:\users\user\documents\github\project-end\final project\final project\user.cpp(49): error C2039: '_currRoom' : is not a member of 'User'
          c:\users\user\documents\github\project-end\final project\final project\user.h(10) : see declaration of 'User'
c:\users\user\documents\github\project-end\final project\final project\user.cpp(50): error C2039: '_currRoom' : is not a member of 'User'
          c:\users\user\documents\github\project-end\final project\final project\user.h(10) : see declaration of 'User'
c:\users\user\documents\github\project-end\final project\final project\user.cpp(51): error C2039: '_currRoom' : is not a member of 'User'
          c:\users\user\documents\github\project-end\final project\final project\user.h(10) : see declaration of 'User'
c:\users\user\documents\github\project-end\final project\final project\user.cpp(57): error C2039: '_currGame' : is not a member of 'User'
          c:\users\user\documents\github\project-end\final project\final project\user.h(10) : see declaration of 'User'
c:\users\user\documents\github\project-end\final project\final project\user.cpp(59): error C2039: '_currGame' : is not a member of 'User'
          c:\users\user\documents\github\project-end\final project\final project\user.h(10) : see declaration of 'User'
c:\users\user\documents\github\project-end\final project\final project\user.cpp(65): error C2039: '_currRoom' : is not a member of 'User'
          c:\users\user\documents\github\project-end\final project\final project\user.h(10) : see declaration of 'User'
c:\users\user\documents\github\project-end\final project\final project\user.cpp(79): error C2143: syntax error : missing ';' before '*'
c:\users\user\documents\github\project-end\final project\final project\user.cpp(79): error C4430: missing type specifier - int assumed. Note: C++ does not support default-int
c:\users\user\documents\github\project-end\final project\final project\user.cpp(80): error C4430: missing type specifier - int assumed. Note: C++ does not support default-int
c:\users\user\documents\github\project-end\final project\final project\user.cpp(81): error C2039: '_currRoom' : is not a member of 'User'
          c:\users\user\documents\github\project-end\final project\final project\user.h(10) : see declaration of 'User'
c:\users\user\documents\github\project-end\final project\final project\user.cpp(84): error C2143: syntax error : missing ';' before '*'
c:\users\user\documents\github\project-end\final project\final project\user.cpp(84): error C4430: missing type specifier - int assumed. Note: C++ does not support default-int
c:\users\user\documents\github\project-end\final project\final project\user.cpp(85): error C4430: missing type specifier - int assumed. Note: C++ does not support default-int
c:\users\user\documents\github\project-end\final project\final project\user.cpp(86): error C2039: '_currGame' : is not a member of 'User'
          c:\users\user\documents\github\project-end\final project\final project\user.h(10) : see declaration of 'User'
c:\users\user\documents\github\project-end\final project\final project\user.cpp(90): error C2065: 'gm' : undeclared identifier
c:\users\user\documents\github\project-end\final project\final project\user.cpp(91): error C2448: 'User::setGame' : function-style initializer appears to be a function definition
  stdafx.cpp
c:\users\user\documents\github\project-end\final project\final project\stdafx.h(8): fatal error C1083: Cannot open include file: 'targetver.h': No such file or directory
  TriviaServer.cpp
c:\users\user\documents\github\project-end\final project\final project\triviaserver.h(28): error C2143: syntax error : missing ';' before '*'
c:\users\user\documents\github\project-end\final project\final project\triviaserver.h(28): error C4430: missing type specifier - int assumed. Note: C++ does not support default-int
c:\users\user\documents\github\project-end\final project\final project\triviaserver.h(28): warning C4183: 'getRoomById': missing return type; assumed to be a member function returning 'int'
c:\users\user\documents\github\project-end\final project\final project\triviaserver.h(29): error C2143: syntax error : missing ';' before '*'
c:\users\user\documents\github\project-end\final project\final project\triviaserver.h(29): error C4430: missing type specifier - int assumed. Note: C++ does not support default-int
c:\users\user\documents\github\project-end\final project\final project\triviaserver.h(29): warning C4183: 'getUserByName': missing return type; assumed to be a member function returning 'int'
c:\users\user\documents\github\project-end\final project\final project\triviaserver.h(30): error C2143: syntax error : missing ';' before '*'
c:\users\user\documents\github\project-end\final project\final project\triviaserver.h(30): error C4430: missing type specifier - int assumed. Note: C++ does not support default-int
c:\users\user\documents\github\project-end\final project\final project\triviaserver.h(30): warning C4183: 'getUserBySocket': missing return type; assumed to be a member function returning 'int'
c:\users\user\documents\github\project-end\final project\final project\triviaserver.h(33): error C2061: syntax error : identifier 'RecievedMessage'
c:\users\user\documents\github\project-end\final project\final project\triviaserver.h(34): error C2061: syntax error : identifier 'RecievedMessage'
c:\users\user\documents\github\project-end\final project\final project\triviaserver.h(35): error C2143: syntax error : missing ';' before '*'
c:\users\user\documents\github\project-end\final project\final project\triviaserver.h(35): error C4430: missing type specifier - int assumed. Note: C++ does not support default-int
c:\users\user\documents\github\project-end\final project\final project\triviaserver.h(35): error C2061: syntax error : identifier 'RecievedMessage'
c:\users\user\documents\github\project-end\final project\final project\triviaserver.h(35): warning C4183: 'handleSignin': missing return type; assumed to be a member function returning 'int'
c:\users\user\documents\github\project-end\final project\final project\triviaserver.h(36): error C2061: syntax error : identifier 'RecievedMessage'
c:\users\user\documents\github\project-end\final project\final project\triviaserver.h(37): error C2061: syntax error : identifier 'RecievedMessage'
c:\users\user\documents\github\project-end\final project\final project\triviaserver.h(38): error C2061: syntax error : identifier 'RecievedMessage'
c:\users\user\documents\github\project-end\final project\final project\triviaserver.h(39): error C2061: syntax error : identifier 'RecievedMessage'
c:\users\user\documents\github\project-end\final project\final project\triviaserver.h(40): error C2061: syntax error : identifier 'RecievedMessage'
c:\users\user\documents\github\project-end\final project\final project\triviaserver.h(41): error C2061: syntax error : identifier 'RecievedMessage'
c:\users\user\documents\github\project-end\final project\final project\triviaserver.h(42): error C2061: syntax error : identifier 'RecievedMessage'
c:\users\user\documents\github\project-end\final project\final project\triviaserver.h(43): error C2061: syntax error : identifier 'RecievedMessage'
c:\users\user\documents\github\project-end\final project\final project\triviaserver.h(44): error C2061: syntax error : identifier 'RecievedMessage'
c:\users\user\documents\github\project-end\final project\final project\triviaserver.h(45): error C2061: syntax error : identifier 'RecievedMessage'
c:\users\user\documents\github\project-end\final project\final project\triviaserver.h(46): error C2061: syntax error : identifier 'RecievedMessage'
c:\users\user\documents\github\project-end\final project\final project\triviaserver.h(47): error C2061: syntax error : identifier 'RecievedMessage'
c:\users\user\documents\github\project-end\final project\final project\triviaserver.h(48): error C2061: syntax error : identifier 'RecievedMessage'
c:\users\user\documents\github\project-end\final project\final project\triviaserver.h(49): error C2061: syntax error : identifier 'RecievedMessage'
c:\users\user\documents\github\project-end\final project\final project\triviaserver.h(54): error C2065: 'Room' : undeclared identifier
c:\users\user\documents\github\project-end\final project\final project\triviaserver.h(54): error C2059: syntax error : '>'
c:\users\user\documents\github\project-end\final project\final project\triviaserver.h(54): error C2976: 'std::map' : too few template arguments
          c:\program files (x86)\microsoft visual studio 12.0\vc\include\map(69) : see declaration of 'std::map'
c:\users\user\documents\github\project-end\final project\final project\triviaserver.h(55): error C2065: 'User' : undeclared identifier
c:\users\user\documents\github\project-end\final project\final project\triviaserver.h(55): error C2059: syntax error : '>'
c:\users\user\documents\github\project-end\final project\final project\triviaserver.h(55): error C2976: 'std::map' : too few template arguments
          c:\program files (x86)\microsoft visual studio 12.0\vc\include\map(69) : see declaration of 'std::map'
c:\users\user\documents\github\project-end\final project\final project\triviaserver.h(56): error C2065: 'RecievedMessage' : undeclared identifier
c:\users\user\documents\github\project-end\final project\final project\triviaserver.h(56): error C2059: syntax error : '>'
c:\users\user\documents\github\project-end\final project\final project\triviaserver.h(56): error C2976: 'std::queue' : too few template arguments
          c:\program files (x86)\microsoft visual studio 12.0\vc\include\queue(19) : see declaration of 'std::queue'
c:\users\user\documents\github\project-end\final project\final project\triviaserver.cpp(9): error C2653: 'TriviaServer' : is not a class or namespace name
c:\users\user\documents\github\project-end\final project\final project\triviaserver.cpp(10): error C4430: missing type specifier - int assumed. Note: C++ does not support default-int
c:\users\user\documents\github\project-end\final project\final project\triviaserver.cpp(16): error C2065: '_serverSocket' : undeclared identifier
c:\users\user\documents\github\project-end\final project\final project\triviaserver.cpp(18): error C2065: '_serverSocket' : undeclared identifier
c:\users\user\documents\github\project-end\final project\final project\triviaserver.cpp(20): warning C4508: 'TriviaServer' : function should return a value; 'void' return type assumed
c:\users\user\documents\github\project-end\final project\final project\triviaserver.cpp(22): error C2653: 'TriviaServer' : is not a class or namespace name
c:\users\user\documents\github\project-end\final project\final project\triviaserver.cpp(22): fatal error C1903: unable to recover from previous error(s); stopping compilation
  Source.cpp
c:\users\user\documents\github\project-end\final project\final project\source.cpp(4): error C2001: newline in constant
c:\users\user\documents\github\project-end\final project\final project\triviaserver.h(28): error C2143: syntax error : missing ';' before '*'
c:\users\user\documents\github\project-end\final project\final project\triviaserver.h(28): error C4430: missing type specifier - int assumed. Note: C++ does not support default-int
c:\users\user\documents\github\project-end\final project\final project\triviaserver.h(28): warning C4183: 'getRoomById': missing return type; assumed to be a member function returning 'int'
c:\users\user\documents\github\project-end\final project\final project\triviaserver.h(29): error C2143: syntax error : missing ';' before '*'
c:\users\user\documents\github\project-end\final project\final project\triviaserver.h(29): error C4430: missing type specifier - int assumed. Note: C++ does not support default-int
c:\users\user\documents\github\project-end\final project\final project\triviaserver.h(29): warning C4183: 'getUserByName': missing return type; assumed to be a member function returning 'int'
c:\users\user\documents\github\project-end\final project\final project\triviaserver.h(30): error C2143: syntax error : missing ';' before '*'
c:\users\user\documents\github\project-end\final project\final project\triviaserver.h(30): error C4430: missing type specifier - int assumed. Note: C++ does not support default-int
c:\users\user\documents\github\project-end\final project\final project\triviaserver.h(30): warning C4183: 'getUserBySocket': missing return type; assumed to be a member function returning 'int'
c:\users\user\documents\github\project-end\final project\final project\triviaserver.h(33): error C2061: syntax error : identifier 'RecievedMessage'
c:\users\user\documents\github\project-end\final project\final project\triviaserver.h(34): error C2061: syntax error : identifier 'RecievedMessage'
c:\users\user\documents\github\project-end\final project\final project\triviaserver.h(35): error C2143: syntax error : missing ';' before '*'
c:\users\user\documents\github\project-end\final project\final project\triviaserver.h(35): error C4430: missing type specifier - int assumed. Note: C++ does not support default-int
c:\users\user\documents\github\project-end\final project\final project\triviaserver.h(35): error C2061: syntax error : identifier 'RecievedMessage'
c:\users\user\documents\github\project-end\final project\final project\triviaserver.h(35): warning C4183: 'handleSignin': missing return type; assumed to be a member function returning 'int'
c:\users\user\documents\github\project-end\final project\final project\triviaserver.h(36): error C2061: syntax error : identifier 'RecievedMessage'
c:\users\user\documents\github\project-end\final project\final project\triviaserver.h(37): error C2061: syntax error : identifier 'RecievedMessage'
c:\users\user\documents\github\project-end\final project\final project\triviaserver.h(38): error C2061: syntax error : identifier 'RecievedMessage'
c:\users\user\documents\github\project-end\final project\final project\triviaserver.h(39): error C2061: syntax error : identifier 'RecievedMessage'
c:\users\user\documents\github\project-end\final project\final project\triviaserver.h(40): error C2061: syntax error : identifier 'RecievedMessage'
c:\users\user\documents\github\project-end\final project\final project\triviaserver.h(41): error C2061: syntax error : identifier 'RecievedMessage'
c:\users\user\documents\github\project-end\final project\final project\triviaserver.h(42): error C2061: syntax error : identifier 'RecievedMessage'
c:\users\user\documents\github\project-end\final project\final project\triviaserver.h(43): error C2061: syntax error : identifier 'RecievedMessage'
c:\users\user\documents\github\project-end\final project\final project\triviaserver.h(44): error C2061: syntax error : identifier 'RecievedMessage'
c:\users\user\documents\github\project-end\final project\final project\triviaserver.h(45): error C2061: syntax error : identifier 'RecievedMessage'
c:\users\user\documents\github\project-end\final project\final project\triviaserver.h(46): error C2061: syntax error : identifier 'RecievedMessage'
c:\users\user\documents\github\project-end\final project\final project\triviaserver.h(47): error C2061: syntax error : identifier 'RecievedMessage'
c:\users\user\documents\github\project-end\final project\final project\triviaserver.h(48): error C2061: syntax error : identifier 'RecievedMessage'
c:\users\user\documents\github\project-end\final project\final project\triviaserver.h(49): error C2061: syntax error : identifier 'RecievedMessage'
c:\users\user\documents\github\project-end\final project\final project\triviaserver.h(54): error C2065: 'Room' : undeclared identifier
c:\users\user\documents\github\project-end\final project\final project\triviaserver.h(54): error C2059: syntax error : '>'
c:\users\user\documents\github\project-end\final project\final project\triviaserver.h(54): error C2976: 'std::map' : too few template arguments
          c:\program files (x86)\microsoft visual studio 12.0\vc\include\map(69) : see declaration of 'std::map'
c:\users\user\documents\github\project-end\final project\final project\triviaserver.h(55): error C2065: 'User' : undeclared identifier
c:\users\user\documents\github\project-end\final project\final project\triviaserver.h(55): error C2059: syntax error : '>'
c:\users\user\documents\github\project-end\final project\final project\triviaserver.h(55): error C2976: 'std::map' : too few template arguments
          c:\program files (x86)\microsoft visual studio 12.0\vc\include\map(69) : see declaration of 'std::map'
c:\users\user\documents\github\project-end\final project\final project\triviaserver.h(56): error C2065: 'RecievedMessage' : undeclared identifier
c:\users\user\documents\github\project-end\final project\final project\triviaserver.h(56): error C2059: syntax error : '>'
c:\users\user\documents\github\project-end\final project\final project\triviaserver.h(56): error C2976: 'std::queue' : too few template arguments
          c:\program files (x86)\microsoft visual studio 12.0\vc\include\queue(19) : see declaration of 'std::queue'
  Room.cpp
c:\users\user\documents\github\project-end\final project\final project\room.h(13): error C2061: syntax error : identifier 'User'
c:\users\user\documents\github\project-end\final project\final project\room.h(14): error C2061: syntax error : identifier 'User'
c:\users\user\documents\github\project-end\final project\final project\room.h(15): error C2061: syntax error : identifier 'User'
c:\users\user\documents\github\project-end\final project\final project\room.h(16): error C2061: syntax error : identifier 'User'
c:\users\user\documents\github\project-end\final project\final project\room.h(18): error C2061: syntax error : identifier 'User'
c:\users\user\documents\github\project-end\final project\final project\room.h(21): error C2143: syntax error : missing ';' before '<'
c:\users\user\documents\github\project-end\final project\final project\room.h(21): error C4430: missing type specifier - int assumed. Note: C++ does not support default-int
c:\users\user\documents\github\project-end\final project\final project\room.h(21): error C2238: unexpected token(s) preceding ';'
c:\users\user\documents\github\project-end\final project\final project\room.h(26): error C2061: syntax error : identifier 'vector'
c:\users\user\documents\github\project-end\final project\final project\room.h(32): error C2143: syntax error : missing ';' before '<'
c:\users\user\documents\github\project-end\final project\final project\room.h(32): error C4430: missing type specifier - int assumed. Note: C++ does not support default-int
c:\users\user\documents\github\project-end\final project\final project\room.h(32): error C2238: unexpected token(s) preceding ';'
c:\users\user\documents\github\project-end\final project\final project\room.h(33): error C2143: syntax error : missing ';' before '*'
c:\users\user\documents\github\project-end\final project\final project\room.h(33): error C4430: missing type specifier - int assumed. Note: C++ does not support default-int
c:\users\user\documents\github\project-end\final project\final project\user.h(26): error C2143: syntax error : missing ';' before '*'
c:\users\user\documents\github\project-end\final project\final project\user.h(26): error C4430: missing type specifier - int assumed. Note: C++ does not support default-int
c:\users\user\documents\github\project-end\final project\final project\user.h(26): warning C4183: 'getGame': missing return type; assumed to be a member function returning 'int'
c:\users\user\documents\github\project-end\final project\final project\user.h(29): error C2061: syntax error : identifier 'Game'
c:\users\user\documents\github\project-end\final project\final project\user.h(35): error C2143: syntax error : missing ';' before '*'
c:\users\user\documents\github\project-end\final project\final project\user.h(35): error C4430: missing type specifier - int assumed. Note: C++ does not support default-int
c:\users\user\documents\github\project-end\final project\final project\room.cpp(6): error C2511: 'Room::Room(int,User *,std::string,int,int,int)' : overloaded member function not found in 'Room'
          c:\users\user\documents\github\project-end\final project\final project\room.h(11) : see declaration of 'Room'
c:\users\user\documents\github\project-end\final project\final project\room.cpp(7): error C2671: 'Room::{ctor}' : static member functions do not have 'this' pointers
c:\users\user\documents\github\project-end\final project\final project\room.cpp(7): error C2227: left of '->_id' must point to class/struct/union/generic type
c:\users\user\documents\github\project-end\final project\final project\room.cpp(8): error C2671: 'Room::{ctor}' : static member functions do not have 'this' pointers
c:\users\user\documents\github\project-end\final project\final project\room.cpp(8): error C2227: left of '->_name' must point to class/struct/union/generic type
c:\users\user\documents\github\project-end\final project\final project\room.cpp(9): error C2671: 'Room::{ctor}' : static member functions do not have 'this' pointers
c:\users\user\documents\github\project-end\final project\final project\room.cpp(9): error C2227: left of '->_maxUsers' must point to class/struct/union/generic type
c:\users\user\documents\github\project-end\final project\final project\room.cpp(10): error C2671: 'Room::{ctor}' : static member functions do not have 'this' pointers
c:\users\user\documents\github\project-end\final project\final project\room.cpp(10): error C2227: left of '->_questionTime' must point to class/struct/union/generic type
c:\users\user\documents\github\project-end\final project\final project\room.cpp(11): error C2671: 'Room::{ctor}' : static member functions do not have 'this' pointers
c:\users\user\documents\github\project-end\final project\final project\room.cpp(11): error C2227: left of '->_questionsNo' must point to class/struct/union/generic type
c:\users\user\documents\github\project-end\final project\final project\room.cpp(12): error C2671: 'Room::{ctor}' : static member functions do not have 'this' pointers
c:\users\user\documents\github\project-end\final project\final project\room.cpp(12): error C2227: left of '->_users' must point to class/struct/union/generic type
c:\users\user\documents\github\project-end\final project\final project\room.cpp(12): error C2228: left of '.push_back' must have class/struct/union
c:\users\user\documents\github\project-end\final project\final project\room.cpp(13): error C2671: 'Room::{ctor}' : static member functions do not have 'this' pointers
c:\users\user\documents\github\project-end\final project\final project\room.cpp(13): error C2227: left of '->_admin' must point to class/struct/union/generic type
c:\users\user\documents\github\project-end\final project\final project\room.cpp(17): error C2511: 'bool Room::joinRoom(User *)' : overloaded member function not found in 'Room'
          c:\users\user\documents\github\project-end\final project\final project\room.h(11) : see declaration of 'Room'
c:\users\user\documents\github\project-end\final project\final project\room.cpp(18): error C2671: 'Room::joinRoom' : static member functions do not have 'this' pointers
c:\users\user\documents\github\project-end\final project\final project\room.cpp(18): error C2227: left of '->_maxUsers' must point to class/struct/union/generic type
c:\users\user\documents\github\project-end\final project\final project\room.cpp(18): error C2227: left of '->_users' must point to class/struct/union/generic type
c:\users\user\documents\github\project-end\final project\final project\room.cpp(18): error C2228: left of '.size' must have class/struct/union
c:\users\user\documents\github\project-end\final project\final project\room.cpp(25): error C2671: 'Room::joinRoom' : static member functions do not have 'this' pointers
c:\users\user\documents\github\project-end\final project\final project\room.cpp(25): error C2227: left of '->_users' must point to class/struct/union/generic type
c:\users\user\documents\github\project-end\final project\final project\room.cpp(25): error C2228: left of '.push_back' must have class/struct/union
c:\users\user\documents\github\project-end\final project\final project\room.cpp(27): error C2352: 'Room::getUsersListMessage' : illegal call of non-static member function
          c:\users\user\documents\github\project-end\final project\final project\room.h(22) : see declaration of 'Room::getUsersListMessage'
c:\users\user\documents\github\project-end\final project\final project\room.cpp(33): error C2511: 'void Room::leaveRoom(User *)' : overloaded member function not found in 'Room'
          c:\users\user\documents\github\project-end\final project\final project\room.h(11) : see declaration of 'Room'
c:\users\user\documents\github\project-end\final project\final project\room.cpp(35): error C2671: 'Room::leaveRoom' : static member functions do not have 'this' pointers
c:\users\user\documents\github\project-end\final project\final project\room.cpp(35): error C2227: left of '->_users' must point to class/struct/union/generic type
c:\users\user\documents\github\project-end\final project\final project\room.cpp(35): error C2228: left of '.size' must have class/struct/union
c:\users\user\documents\github\project-end\final project\final project\room.cpp(35): error C2227: left of '->getSocket' must point to class/struct/union/generic type
c:\users\user\documents\github\project-end\final project\final project\room.cpp(36): error C2065: '_users' : undeclared identifier
c:\users\user\documents\github\project-end\final project\final project\room.cpp(36): error C2228: left of '.erase' must have class/struct/union
          type is 'unknown-type'
c:\users\user\documents\github\project-end\final project\final project\room.cpp(36): error C2228: left of '.begin' must have class/struct/union
          type is 'unknown-type'
c:\users\user\documents\github\project-end\final project\final project\room.cpp(38): error C2352: 'Room::getUsersListMessage' : illegal call of non-static member function
          c:\users\user\documents\github\project-end\final project\final project\room.h(22) : see declaration of 'Room::getUsersListMessage'
c:\users\user\documents\github\project-end\final project\final project\room.cpp(38): error C2665: 'Room::sendMessage' : none of the 2 overloads could convert all the argument types
          c:\users\user\documents\github\project-end\final project\final project\room.h(17): could be 'void Room::sendMessage(std::string)'
          while trying to match the argument list '(User *)'
c:\users\user\documents\github\project-end\final project\final project\room.cpp(42): error C2511: 'int Room::closeRoom(User *)' : overloaded member function not found in 'Room'
          c:\users\user\documents\github\project-end\final project\final project\room.h(11) : see declaration of 'Room'
c:\users\user\documents\github\project-end\final project\final project\room.cpp(43): error C2671: 'Room::closeRoom' : static member functions do not have 'this' pointers
c:\users\user\documents\github\project-end\final project\final project\room.cpp(43): error C2227: left of '->_admin' must point to class/struct/union/generic type
c:\users\user\documents\github\project-end\final project\final project\room.cpp(49): error C2352: 'Room::sendMessage' : illegal call of non-static member function
          c:\users\user\documents\github\project-end\final project\final project\room.h(17) : see declaration of 'Room::sendMessage'
c:\users\user\documents\github\project-end\final project\final project\room.cpp(50): error C2671: 'Room::closeRoom' : static member functions do not have 'this' pointers
c:\users\user\documents\github\project-end\final project\final project\room.cpp(50): error C2227: left of '->_users' must point to class/struct/union/generic type
c:\users\user\documents\github\project-end\final project\final project\room.cpp(50): error C2228: left of '.size' must have class/struct/union
c:\users\user\documents\github\project-end\final project\final project\room.cpp(52): error C2671: 'Room::closeRoom' : static member functions do not have 'this' pointers
c:\users\user\documents\github\project-end\final project\final project\room.cpp(52): error C2227: left of '->_users' must point to class/struct/union/generic type
c:\users\user\documents\github\project-end\final project\final project\room.cpp(52): error C2227: left of '->_admin' must point to class/struct/union/generic type
c:\users\user\documents\github\project-end\final project\final project\room.cpp(54): error C2671: 'Room::closeRoom' : static member functions do not have 'this' pointers
c:\users\user\documents\github\project-end\final project\final project\room.cpp(54): error C2227: left of '->_users' must point to class/struct/union/generic type
c:\users\user\documents\github\project-end\final project\final project\room.cpp(54): error C2227: left of '->clearRoom' must point to class/struct/union/generic type
c:\users\user\documents\github\project-end\final project\final project\room.cpp(57): error C2671: 'Room::closeRoom' : static member functions do not have 'this' pointers
c:\users\user\documents\github\project-end\final project\final project\room.cpp(57): error C2227: left of '->_id' must point to class/struct/union/generic type
c:\users\user\documents\github\project-end\final project\final project\room.cpp(63): error C2661: 'Room::sendMessage' : no overloaded function takes 2 arguments
c:\users\user\documents\github\project-end\final project\final project\room.cpp(67): error C2511: 'void Room::sendMessage(User *,std::string)' : overloaded member function not found in 'Room'
          c:\users\user\documents\github\project-end\final project\final project\room.h(11) : see declaration of 'Room'
c:\users\user\documents\github\project-end\final project\final project\room.cpp(68): error C2065: '_users' : undeclared identifier
c:\users\user\documents\github\project-end\final project\final project\room.cpp(68): error C2228: left of '.size' must have class/struct/union
          type is 'unknown-type'
c:\users\user\documents\github\project-end\final project\final project\room.cpp(72): error C2065: '_users' : undeclared identifier
c:\users\user\documents\github\project-end\final project\final project\room.cpp(72): error C2227: left of '->getSocket' must point to class/struct/union/generic type
c:\users\user\documents\github\project-end\final project\final project\room.cpp(73): error C2065: '_users' : undeclared identifier
c:\users\user\documents\github\project-end\final project\final project\room.cpp(73): error C2227: left of '->send' must point to class/struct/union/generic type
c:\users\user\documents\github\project-end\final project\final project\room.cpp(76): error C2065: '_users' : undeclared identifier
c:\users\user\documents\github\project-end\final project\final project\room.cpp(76): error C2227: left of '->send' must point to class/struct/union/generic type
c:\users\user\documents\github\project-end\final project\final project\room.cpp(81): error C2039: 'getUsers' : is not a member of 'Room'
          c:\users\user\documents\github\project-end\final project\final project\room.h(11) : see declaration of 'Room'
c:\users\user\documents\github\project-end\final project\final project\room.cpp(83): error C2355: 'this' : can only be referenced inside non-static member functions or non-static data member initializers
c:\users\user\documents\github\project-end\final project\final project\room.cpp(83): error C2227: left of '->_users' must point to class/struct/union/generic type
c:\users\user\documents\github\project-end\final project\final project\room.cpp(90): error C2065: '_users' : undeclared identifier
c:\users\user\documents\github\project-end\final project\final project\room.cpp(90): error C2228: left of '.size' must have class/struct/union
          type is 'unknown-type'
c:\users\user\documents\github\project-end\final project\final project\room.cpp(91): error C2065: '_users' : undeclared identifier
c:\users\user\documents\github\project-end\final project\final project\room.cpp(91): error C2228: left of '.size' must have class/struct/union
          type is 'unknown-type'
c:\users\user\documents\github\project-end\final project\final project\room.cpp(93): error C2065: '_users' : undeclared identifier
c:\users\user\documents\github\project-end\final project\final project\room.cpp(93): error C2227: left of '->getUsername' must point to class/struct/union/generic type
c:\users\user\documents\github\project-end\final project\final project\room.cpp(93): error C2228: left of '.length' must have class/struct/union
c:\users\user\documents\github\project-end\final project\final project\room.cpp(94): error C2065: '_users' : undeclared identifier
c:\users\user\documents\github\project-end\final project\final project\room.cpp(94): error C2227: left of '->getUsername' must point to class/struct/union/generic type
c:\users\user\documents\github\project-end\final project\final project\room.cpp(115): error C2511: 'std::string Room::getUsersAsAsString(std::vector<User *,std::allocator<_Ty>>,User *)' : overloaded member function not found in 'Room'
          with
          [
              _Ty=User *
          ]
          c:\users\user\documents\github\project-end\final project\final project\room.h(11) : see declaration of 'Room'
  RecievedMeassage.cpp
c:\users\user\documents\github\project-end\final project\final project\user.h(16): error C2061: syntax error : identifier 'Room'
c:\users\user\documents\github\project-end\final project\final project\user.h(25): error C2143: syntax error : missing ';' before '*'
c:\users\user\documents\github\project-end\final project\final project\user.h(25): error C4430: missing type specifier - int assumed. Note: C++ does not support default-int
c:\users\user\documents\github\project-end\final project\final project\user.h(25): warning C4183: 'getRoom': missing return type; assumed to be a member function returning 'int'
c:\users\user\documents\github\project-end\final project\final project\user.h(26): error C2143: syntax error : missing ';' before '*'
c:\users\user\documents\github\project-end\final project\final project\user.h(26): error C4430: missing type specifier - int assumed. Note: C++ does not support default-int
c:\users\user\documents\github\project-end\final project\final project\user.h(26): warning C4183: 'getGame': missing return type; assumed to be a member function returning 'int'
c:\users\user\documents\github\project-end\final project\final project\user.h(29): error C2061: syntax error : identifier 'Game'
c:\users\user\documents\github\project-end\final project\final project\user.h(34): error C2143: syntax error : missing ';' before '*'
c:\users\user\documents\github\project-end\final project\final project\user.h(34): error C4430: missing type specifier - int assumed. Note: C++ does not support default-int
c:\users\user\documents\github\project-end\final project\final project\user.h(35): error C2143: syntax error : missing ';' before '*'
c:\users\user\documents\github\project-end\final project\final project\user.h(35): error C4430: missing type specifier - int assumed. Note: C++ does not support default-int
  Question.cpp
c:\users\user\documents\github\project-end\final project\final project\question.cpp(24): error C2600: 'Question::~Question' : cannot define a compiler-generated special member function (must be declared in the class first)
  Game.cpp
c:\users\user\documents\github\project-end\final project\final project\triviaserver.h(28): error C2143: syntax error : missing ';' before '*'
c:\users\user\documents\github\project-end\final project\final project\triviaserver.h(28): error C4430: missing type specifier - int assumed. Note: C++ does not support default-int
c:\users\user\documents\github\project-end\final project\final project\triviaserver.h(28): warning C4183: 'getRoomById': missing return type; assumed to be a member function returning 'int'
c:\users\user\documents\github\project-end\final project\final project\triviaserver.h(29): error C2143: syntax error : missing ';' before '*'
c:\users\user\documents\github\project-end\final project\final project\triviaserver.h(29): error C4430: missing type specifier - int assumed. Note: C++ does not support default-int
c:\users\user\documents\github\project-end\final project\final project\triviaserver.h(29): warning C4183: 'getUserByName': missing return type; assumed to be a member function returning 'int'
c:\users\user\documents\github\project-end\final project\final project\triviaserver.h(30): error C2143: syntax error : missing ';' before '*'
c:\users\user\documents\github\project-end\final project\final project\triviaserver.h(30): error C4430: missing type specifier - int assumed. Note: C++ does not support default-int
c:\users\user\documents\github\project-end\final project\final project\triviaserver.h(30): warning C4183: 'getUserBySocket': missing return type; assumed to be a member function returning 'int'
c:\users\user\documents\github\project-end\final project\final project\triviaserver.h(33): error C2061: syntax error : identifier 'RecievedMessage'
c:\users\user\documents\github\project-end\final project\final project\triviaserver.h(34): error C2061: syntax error : identifier 'RecievedMessage'
c:\users\user\documents\github\project-end\final project\final project\triviaserver.h(35): error C2143: syntax error : missing ';' before '*'
c:\users\user\documents\github\project-end\final project\final project\triviaserver.h(35): error C4430: missing type specifier - int assumed. Note: C++ does not support default-int
c:\users\user\documents\github\project-end\final project\final project\triviaserver.h(35): error C2061: syntax error : identifier 'RecievedMessage'
c:\users\user\documents\github\project-end\final project\final project\triviaserver.h(35): warning C4183: 'handleSignin': missing return type; assumed to be a member function returning 'int'
c:\users\user\documents\github\project-end\final project\final project\triviaserver.h(36): error C2061: syntax error : identifier 'RecievedMessage'
c:\users\user\documents\github\project-end\final project\final project\triviaserver.h(37): error C2061: syntax error : identifier 'RecievedMessage'
c:\users\user\documents\github\project-end\final project\final project\triviaserver.h(38): error C2061: syntax error : identifier 'RecievedMessage'
c:\users\user\documents\github\project-end\final project\final project\triviaserver.h(39): error C2061: syntax error : identifier 'RecievedMessage'
c:\users\user\documents\github\project-end\final project\final project\triviaserver.h(40): error C2061: syntax error : identifier 'RecievedMessage'
c:\users\user\documents\github\project-end\final project\final project\triviaserver.h(41): error C2061: syntax error : identifier 'RecievedMessage'
c:\users\user\documents\github\project-end\final project\final project\triviaserver.h(42): error C2061: syntax error : identifier 'RecievedMessage'
c:\users\user\documents\github\project-end\final project\final project\triviaserver.h(43): error C2061: syntax error : identifier 'RecievedMessage'
c:\users\user\documents\github\project-end\final project\final project\triviaserver.h(44): error C2061: syntax error : identifier 'RecievedMessage'
c:\users\user\documents\github\project-end\final project\final project\triviaserver.h(45): error C2061: syntax error : identifier 'RecievedMessage'
c:\users\user\documents\github\project-end\final project\final project\triviaserver.h(46): error C2061: syntax error : identifier 'RecievedMessage'
c:\users\user\documents\github\project-end\final project\final project\triviaserver.h(47): error C2061: syntax error : identifier 'RecievedMessage'
c:\users\user\documents\github\project-end\final project\final project\triviaserver.h(48): error C2061: syntax error : identifier 'RecievedMessage'
c:\users\user\documents\github\project-end\final project\final project\triviaserver.h(49): error C2061: syntax error : identifier 'RecievedMessage'
c:\users\user\documents\github\project-end\final project\final project\triviaserver.h(54): error C2065: 'Room' : undeclared identifier
c:\users\user\documents\github\project-end\final project\final project\triviaserver.h(54): error C2059: syntax error : '>'
c:\users\user\documents\github\project-end\final project\final project\triviaserver.h(54): error C2976: 'std::map' : too few template arguments
          c:\program files (x86)\microsoft visual studio 12.0\vc\include\map(69) : see declaration of 'std::map'
c:\users\user\documents\github\project-end\final project\final project\triviaserver.h(55): error C2065: 'User' : undeclared identifier
c:\users\user\documents\github\project-end\final project\final project\triviaserver.h(55): error C2059: syntax error : '>'
c:\users\user\documents\github\project-end\final project\final project\triviaserver.h(55): error C2976: 'std::map' : too few template arguments
          c:\program files (x86)\microsoft visual studio 12.0\vc\include\map(69) : see declaration of 'std::map'
c:\users\user\documents\github\project-end\final project\final project\triviaserver.h(56): error C2065: 'RecievedMessage' : undeclared identifier
c:\users\user\documents\github\project-end\final project\final project\triviaserver.h(56): error C2059: syntax error : '>'
c:\users\user\documents\github\project-end\final project\final project\triviaserver.h(56): error C2976: 'std::queue' : too few template arguments
          c:\program files (x86)\microsoft visual studio 12.0\vc\include\queue(19) : see declaration of 'std::queue'
c:\users\user\documents\github\project-end\final project\final project\game.h(14): error C2065: 'User' : undeclared identifier
c:\users\user\documents\github\project-end\final project\final project\game.h(14): error C2059: syntax error : '>'
c:\users\user\documents\github\project-end\final project\final project\game.h(14): error C2976: 'std::vector' : too few template arguments
          c:\program files (x86)\microsoft visual studio 12.0\vc\include\vector(650) : see declaration of 'std::vector'
          c:\program files (x86)\microsoft visual studio 12.0\vc\include\vector(650) : see declaration of 'std::vector'
c:\users\user\documents\github\project-end\final project\final project\game.h(14): error C2061: syntax error : identifier 'DataBase'
c:\users\user\documents\github\project-end\final project\final project\game.h(19): error C2061: syntax error : identifier 'User'
c:\users\user\documents\github\project-end\final project\final project\game.h(20): error C2061: syntax error : identifier 'User'
c:\users\user\documents\github\project-end\final project\final project\game.h(29): error C2065: 'Question' : undeclared identifier
c:\users\user\documents\github\project-end\final project\final project\game.h(29): error C2059: syntax error : '>'
c:\users\user\documents\github\project-end\final project\final project\game.h(29): error C2976: 'std::vector' : too few template arguments
          c:\program files (x86)\microsoft visual studio 12.0\vc\include\vector(650) : see declaration of 'std::vector'
c:\users\user\documents\github\project-end\final project\final project\game.h(30): error C2065: 'User' : undeclared identifier
c:\users\user\documents\github\project-end\final project\final project\game.h(30): error C2059: syntax error : '>'
c:\users\user\documents\github\project-end\final project\final project\game.h(30): error C2976: 'std::vector' : too few template arguments
          c:\program files (x86)\microsoft visual studio 12.0\vc\include\vector(650) : see declaration of 'std::vector'
c:\users\user\documents\github\project-end\final project\final project\game.h(33): error C2143: syntax error : missing ';' before '&'
c:\users\user\documents\github\project-end\final project\final project\game.h(33): error C4430: missing type specifier - int assumed. Note: C++ does not support default-int
c:\users\user\documents\github\project-end\final project\final project\user.h(16): error C2061: syntax error : identifier 'Room'
c:\users\user\documents\github\project-end\final project\final project\user.h(25): error C2143: syntax error : missing ';' before '*'
c:\users\user\documents\github\project-end\final project\final project\user.h(25): error C4430: missing type specifier - int assumed. Note: C++ does not support default-int
c:\users\user\documents\github\project-end\final project\final project\user.h(25): warning C4183: 'getRoom': missing return type; assumed to be a member function returning 'int'
c:\users\user\documents\github\project-end\final project\final project\user.h(34): error C2143: syntax error : missing ';' before '*'
c:\users\user\documents\github\project-end\final project\final project\user.h(34): error C4430: missing type specifier - int assumed. Note: C++ does not support default-int
c:\users\user\documents\github\project-end\final project\final project\game.cpp(8): error C2511: 'Game::Game(const std::vector<User *,std::allocator<_Ty>> &,int,DataBase &)' : overloaded member function not found in 'Game'
          with
          [
              _Ty=User *
          ]
          c:\users\user\documents\github\project-end\final project\final project\game.h(12) : see declaration of 'Game'
c:\users\user\documents\github\project-end\final project\final project\game.cpp(9): error C2550: 'Game::{ctor}' : constructor initializer lists are only allowed on constructor definitions
c:\users\user\documents\github\project-end\final project\final project\game.cpp(10): error C2671: 'Game::{ctor}' : static member functions do not have 'this' pointers
c:\users\user\documents\github\project-end\final project\final project\game.cpp(10): error C2227: left of '->_question_no' must point to class/struct/union/generic type
c:\users\user\documents\github\project-end\final project\final project\game.cpp(11): error C2671: 'Game::{ctor}' : static member functions do not have 'this' pointers
c:\users\user\documents\github\project-end\final project\final project\game.cpp(11): error C2227: left of '->_currentTurnAnswers' must point to class/struct/union/generic type
c:\users\user\documents\github\project-end\final project\final project\game.cpp(12): error C2671: 'Game::{ctor}' : static member functions do not have 'this' pointers
c:\users\user\documents\github\project-end\final project\final project\game.cpp(12): error C2227: left of '->_currQuestionIndex' must point to class/struct/union/generic type
c:\users\user\documents\github\project-end\final project\final project\game.cpp(13): error C2352: 'Game::insertGameToDB' : illegal call of non-static member function
          c:\users\user\documents\github\project-end\final project\final project\game.h(38) : see declaration of 'Game::insertGameToDB'
c:\users\user\documents\github\project-end\final project\final project\game.cpp(15): error C2352: 'Game::initQuestionsFromDB' : illegal call of non-static member function
          c:\users\user\documents\github\project-end\final project\final project\game.h(39) : see declaration of 'Game::initQuestionsFromDB'
c:\users\user\documents\github\project-end\final project\final project\game.cpp(22): error C2671: 'Game::{ctor}' : static member functions do not have 'this' pointers
c:\users\user\documents\github\project-end\final project\final project\game.cpp(22): error C2227: left of '->_players' must point to class/struct/union/generic type
c:\users\user\documents\github\project-end\final project\final project\game.cpp(24): error C2228: left of '.size' must have class/struct/union
c:\users\user\documents\github\project-end\final project\final project\game.cpp(26): error C2228: left of '.insert' must have class/struct/union
c:\users\user\documents\github\project-end\final project\final project\game.cpp(26): error C2597: illegal reference to non-static member 'Game::_players'
c:\users\user\documents\github\project-end\final project\final project\game.cpp(26): error C3867: 'Game::_players': function call missing argument list; use '&Game::_players' to create a pointer to member
c:\users\user\documents\github\project-end\final project\final project\game.cpp(26): error C2109: subscript requires array or pointer type
c:\users\user\documents\github\project-end\final project\final project\game.cpp(26): error C2227: left of '->getUsername' must point to class/struct/union/generic type
c:\users\user\documents\github\project-end\final project\final project\game.cpp(27): error C2597: illegal reference to non-static member 'Game::_players'
c:\users\user\documents\github\project-end\final project\final project\game.cpp(27): error C3867: 'Game::_players': function call missing argument list; use '&Game::_players' to create a pointer to member
c:\users\user\documents\github\project-end\final project\final project\game.cpp(27): error C2109: subscript requires array or pointer type
c:\users\user\documents\github\project-end\final project\final project\game.cpp(27): error C2227: left of '->setGame' must point to class/struct/union/generic type
c:\users\user\documents\github\project-end\final project\final project\game.cpp(27): error C2671: 'Game::{ctor}' : static member functions do not have 'this' pointers
c:\users\user\documents\github\project-end\final project\final project\game.cpp(33): error C2662: '_Vector_alloc<!std::is_empty<_Alloc_types::_Alloc>::value,std::_Vec_base_types<_Ty,_Alloc_types::_Alloc>>::size_type std::vector<_Ty,_Alloc>::size(void) throw() const' : cannot convert 'this' pointer from 'std::vector' to 'const std::vector<_Ty,_Alloc> &'
          Reason: cannot convert from 'std::vector' to 'const std::vector<_Ty,_Alloc>'
          Conversion requires a second user-defined-conversion operator or constructor
c:\users\user\documents\github\project-end\final project\final project\game.cpp(35): error C2678: binary '[' : no operator found which takes a left-hand operand of type 'std::vector' (or there is no acceptable conversion)
          c:\program files (x86)\microsoft visual studio 12.0\vc\include\vector(1196): could be '_Vector_alloc<!std::is_empty<_Alloc_types::_Alloc>::value,std::_Vec_base_types<_Ty,_Alloc_types::_Alloc>>::reference std::vector<_Ty,_Alloc>::operator [](_Vector_alloc<!std::is_empty<_Alloc_types::_Alloc>::value,std::_Vec_base_types<_Ty,_Alloc_types::_Alloc>>::size_type)'
          c:\program files (x86)\microsoft visual studio 12.0\vc\include\vector(1180): or       '_Vector_alloc<!std::is_empty<_Alloc_types::_Alloc>::value,std::_Vec_base_types<_Ty,_Alloc_types::_Alloc>>::const_reference std::vector<_Ty,_Alloc>::operator [](_Vector_alloc<!std::is_empty<_Alloc_types::_Alloc>::value,std::_Vec_base_types<_Ty,_Alloc_types::_Alloc>>::size_type) const'
          while trying to match the argument list '(std::vector, int)'
c:\users\user\documents\github\project-end\final project\final project\game.cpp(38): error C2662: 'void std::vector<_Ty,_Alloc>::clear(void) throw()' : cannot convert 'this' pointer from 'std::vector' to 'std::vector<_Ty,_Alloc> &'
          Reason: cannot convert from 'std::vector' to 'std::vector<_Ty,_Alloc>'
          Conversion requires a second user-defined-conversion operator or constructor
c:\users\user\documents\github\project-end\final project\final project\game.cpp(39): error C2662: 'void std::vector<_Ty,_Alloc>::clear(void) throw()' : cannot convert 'this' pointer from 'std::vector' to 'std::vector<_Ty,_Alloc> &'
          Reason: cannot convert from 'std::vector' to 'std::vector<_Ty,_Alloc>'
          Conversion requires a second user-defined-conversion operator or constructor
c:\users\user\documents\github\project-end\final project\final project\game.cpp(45): error C2039: '_db' : is not a member of 'Game'
          c:\users\user\documents\github\project-end\final project\final project\game.h(12) : see declaration of 'Game'
c:\users\user\documents\github\project-end\final project\final project\game.cpp(45): error C2228: left of '.updateGameStatus' must have class/struct/union
c:\users\user\documents\github\project-end\final project\final project\game.cpp(46): error C2662: '_Vector_alloc<!std::is_empty<_Alloc_types::_Alloc>::value,std::_Vec_base_types<_Ty,_Alloc_types::_Alloc>>::size_type std::vector<_Ty,_Alloc>::size(void) throw() const' : cannot convert 'this' pointer from 'std::vector' to 'const std::vector<_Ty,_Alloc> &'
          Reason: cannot convert from 'std::vector' to 'const std::vector<_Ty,_Alloc>'
          Conversion requires a second user-defined-conversion operator or constructor
c:\users\user\documents\github\project-end\final project\final project\game.cpp(50): error C2678: binary '[' : no operator found which takes a left-hand operand of type 'std::vector' (or there is no acceptable conversion)
          c:\program files (x86)\microsoft visual studio 12.0\vc\include\vector(1196): could be '_Vector_alloc<!std::is_empty<_Alloc_types::_Alloc>::value,std::_Vec_base_types<_Ty,_Alloc_types::_Alloc>>::reference std::vector<_Ty,_Alloc>::operator [](_Vector_alloc<!std::is_empty<_Alloc_types::_Alloc>::value,std::_Vec_base_types<_Ty,_Alloc_types::_Alloc>>::size_type)'
          c:\program files (x86)\microsoft visual studio 12.0\vc\include\vector(1180): or       '_Vector_alloc<!std::is_empty<_Alloc_types::_Alloc>::value,std::_Vec_base_types<_Ty,_Alloc_types::_Alloc>>::const_reference std::vector<_Ty,_Alloc>::operator [](_Vector_alloc<!std::is_empty<_Alloc_types::_Alloc>::value,std::_Vec_base_types<_Ty,_Alloc_types::_Alloc>>::size_type) const'
          while trying to match the argument list '(std::vector, int)'
c:\users\user\documents\github\project-end\final project\final project\game.cpp(50): error C2227: left of '->send' must point to class/struct/union/generic type
c:\users\user\documents\github\project-end\final project\final project\game.cpp(51): error C2678: binary '[' : no operator found which takes a left-hand operand of type 'std::vector' (or there is no acceptable conversion)
          c:\program files (x86)\microsoft visual studio 12.0\vc\include\vector(1196): could be '_Vector_alloc<!std::is_empty<_Alloc_types::_Alloc>::value,std::_Vec_base_types<_Ty,_Alloc_types::_Alloc>>::reference std::vector<_Ty,_Alloc>::operator [](_Vector_alloc<!std::is_empty<_Alloc_types::_Alloc>::value,std::_Vec_base_types<_Ty,_Alloc_types::_Alloc>>::size_type)'
          c:\program files (x86)\microsoft visual studio 12.0\vc\include\vector(1180): or       '_Vector_alloc<!std::is_empty<_Alloc_types::_Alloc>::value,std::_Vec_base_types<_Ty,_Alloc_types::_Alloc>>::const_reference std::vector<_Ty,_Alloc>::operator [](_Vector_alloc<!std::is_empty<_Alloc_types::_Alloc>::value,std::_Vec_base_types<_Ty,_Alloc_types::_Alloc>>::size_type) const'
          while trying to match the argument list '(std::vector, int)'
c:\users\user\documents\github\project-end\final project\final project\game.cpp(51): error C2227: left of '->setGame' must point to class/struct/union/generic type
c:\users\user\documents\github\project-end\final project\final project\game.cpp(67): error C3867: 'std::vector<_Ty,_Alloc>::size': function call missing argument list; use '&std::vector<_Ty,_Alloc>::size' to create a pointer to member
c:\users\user\documents\github\project-end\final project\final project\game.cpp(67): error C2296: '>' : illegal, left operand has type '_Vector_alloc<!std::is_empty<_Alloc_types::_Alloc>::value,std::_Vec_base_types<_Ty,_Alloc_types::_Alloc>>::size_type (__thiscall std::vector::* )(void) throw() const'
c:\users\user\documents\github\project-end\final project\final project\game.cpp(67): error C2297: '>' : illegal, right operand has type '_Vector_alloc<!std::is_empty<_Alloc_types::_Alloc>::value,std::_Vec_base_types<_Ty,_Alloc_types::_Alloc>>::size_type (__thiscall std::vector::* )(void) throw() const'
c:\users\user\documents\github\project-end\final project\final project\game.cpp(69): error C2662: '_Vector_alloc<!std::is_empty<_Alloc_types::_Alloc>::value,std::_Vec_base_types<_Ty,_Alloc_types::_Alloc>>::size_type std::vector<_Ty,_Alloc>::size(void) throw() const' : cannot convert 'this' pointer from 'std::vector' to 'const std::vector<_Ty,_Alloc> &'
          Reason: cannot convert from 'std::vector' to 'const std::vector<_Ty,_Alloc>'
          Conversion requires a second user-defined-conversion operator or constructor
c:\users\user\documents\github\project-end\final project\final project\game.cpp(90): error C2511: 'bool Game::handleAnswerFromUser(User *,int,int)' : overloaded member function not found in 'Game'
          c:\users\user\documents\github\project-end\final project\final project\game.h(12) : see declaration of 'Game'
c:\users\user\documents\github\project-end\final project\final project\game.cpp(94): error C2671: 'Game::handleAnswerFromUser' : static member functions do not have 'this' pointers
c:\users\user\documents\github\project-end\final project\final project\game.cpp(94): error C2227: left of '->_currentTurnAnswers' must point to class/struct/union/generic type
c:\users\user\documents\github\project-end\final project\final project\game.cpp(95): error C2671: 'Game::handleAnswerFromUser' : static member functions do not have 'this' pointers
c:\users\user\documents\github\project-end\final project\final project\game.cpp(95): error C2227: left of '->_questions' must point to class/struct/union/generic type
c:\users\user\documents\github\project-end\final project\final project\game.cpp(95): error C2227: left of '->_currQuestionIndex' must point to class/struct/union/generic type
c:\users\user\documents\github\project-end\final project\final project\game.cpp(95): error C2227: left of '->getCorrectAnswerIndex' must point to class/struct/union/generic type
c:\users\user\documents\github\project-end\final project\final project\game.cpp(97): error C2671: 'Game::handleAnswerFromUser' : static member functions do not have 'this' pointers
c:\users\user\documents\github\project-end\final project\final project\game.cpp(97): error C2227: left of '->_results' must point to class/struct/union/generic type
c:\users\user\documents\github\project-end\final project\final project\game.cpp(102): error C2671: 'Game::handleAnswerFromUser' : static member functions do not have 'this' pointers
c:\users\user\documents\github\project-end\final project\final project\game.cpp(102): error C2227: left of '->_db' must point to class/struct/union/generic type
c:\users\user\documents\github\project-end\final project\final project\game.cpp(102): error C2228: left of '.addAnswerToPlayer' must have class/struct/union
c:\users\user\documents\github\project-end\final project\final project\game.cpp(102): error C2227: left of '->_ID' must point to class/struct/union/generic type
c:\users\user\documents\github\project-end\final project\final project\game.cpp(102): error C2227: left of '->_currQuestionIndex' must point to class/struct/union/generic type
c:\users\user\documents\github\project-end\final project\final project\game.cpp(102): error C2597: illegal reference to non-static member 'Game::_currQuestionIndex'
c:\users\user\documents\github\project-end\final project\final project\game.cpp(102): error C2597: illegal reference to non-static member 'Game::_questions'
c:\users\user\documents\github\project-end\final project\final project\game.cpp(102): error C3867: 'Game::_questions': function call missing argument list; use '&Game::_questions' to create a pointer to member
c:\users\user\documents\github\project-end\final project\final project\game.cpp(102): fatal error C1003: error count exceeds 100; stopping compilation
  DataBase.cpp
c:\users\user\documents\github\project-end\final project\final project\stdafx.h(8): fatal error C1083: Cannot open include file: 'targetver.h': No such file or directory
  Generating Code...
